2016-02-03 17:34:54,548 INFO  [AS_OUT] Routing out file: build_20160203173107010.xml
2016-02-03 17:36:36,534 INFO  [AS_OUT] Routing out file: brochure\command_add_1.xml
2016-02-03 17:36:37,538 INFO  [AS_OUT] Routing out file: brochure\command_add_4.xml
2016-02-03 17:36:38,548 INFO  [AS_OUT] Routing out file: brochure\command_add_all.xml
2016-02-03 17:36:39,582 INFO  [AS_OUT] Routing out file: brochure\command_delete_1.xml
2016-02-03 17:36:40,591 INFO  [AS_OUT] Routing out file: brochure\command_delete_4.xml
2016-02-03 17:36:41,600 INFO  [AS_OUT] Routing out file: brochure\command_delete_all.xml
2016-02-03 17:36:42,609 INFO  [AS_OUT] Routing out file: brochure\command_update_1.xml
2016-02-03 17:36:43,617 INFO  [AS_OUT] Routing out file: brochure\command_update_4.xml
2016-02-03 17:36:44,627 INFO  [AS_OUT] Routing out file: brochure\command_update_all.xml
2016-02-03 17:36:45,637 INFO  [AS_OUT] Routing out file: brochure\HYD 10TH TECHNO edited.pdf
2016-02-03 17:36:46,644 INFO  [AS_OUT] Routing out file: brochure\HYD 6TH TECHNO edited.pdf
2016-02-03 17:36:47,659 INFO  [AS_OUT] Routing out file: brochure\HYD 7TH TECHNO edited.pdf
2016-02-03 17:36:48,667 INFO  [AS_OUT] Routing out file: brochure\HYD 8TH TECHNO edited.pdf
2016-02-03 17:36:49,676 INFO  [AS_OUT] Routing out file: brochure\HYD 9TH TECHNO edited.pdf
2016-02-19 20:34:06,254 INFO  [IntegrationServerFTPClientProxy] Loaded properties
2016-02-19 20:36:47,324 INFO  [IntegrationServerFTPClientProxy] Loaded properties
2016-02-19 22:42:52,177 INFO  [IntegrationServerFTPClientProxy] Loaded properties
2016-02-19 22:43:58,058 INFO  [AS_OUT] Routing out file: brochure\HYD 10TH TECHNO edited.pdf
2016-02-19 22:43:58,151 DEBUG [IntegrationServerFTPComponent] send brochure/HYD 10TH TECHNO edited.pdf
2016-02-19 22:43:59,254 INFO  [AS_OUT] Routing out file: brochure\HYD 6TH TECHNO edited.pdf
2016-02-19 22:43:59,254 DEBUG [IntegrationServerFTPComponent] send brochure/HYD 6TH TECHNO edited.pdf
2016-02-19 22:44:00,259 INFO  [AS_OUT] Routing out file: brochure\HYD 7TH TECHNO edited.pdf
2016-02-19 22:44:00,259 DEBUG [IntegrationServerFTPComponent] send brochure/HYD 7TH TECHNO edited.pdf
2016-02-19 22:44:01,265 INFO  [AS_OUT] Routing out file: brochure\HYD 8TH TECHNO edited.pdf
2016-02-19 22:44:01,265 DEBUG [IntegrationServerFTPComponent] send brochure/HYD 8TH TECHNO edited.pdf
2016-02-19 22:44:02,270 INFO  [AS_OUT] Routing out file: brochure\HYD 9TH TECHNO edited.pdf
2016-02-19 22:44:02,270 DEBUG [IntegrationServerFTPComponent] send brochure/HYD 9TH TECHNO edited.pdf
2016-04-17 00:17:09,803 INFO  [IntegrationServerFTPClientProxy] Loaded properties
2016-04-17 00:17:39,697 INFO  [AS_OUT] Routing out file: HYD 10TH TECHNO edited.pdf
2016-04-17 00:17:39,729 DEBUG [IntegrationServerFTPComponent] send HYD 10TH TECHNO edited.pdf
2016-04-17 00:17:41,313 INFO  [AS_OUT] Routing out file: HYD 6TH TECHNO edited.pdf
2016-04-17 00:17:41,313 DEBUG [IntegrationServerFTPComponent] send HYD 6TH TECHNO edited.pdf
2016-04-17 00:17:42,318 INFO  [AS_OUT] Routing out file: HYD 7TH TECHNO edited.pdf
2016-04-17 00:17:42,318 DEBUG [IntegrationServerFTPComponent] send HYD 7TH TECHNO edited.pdf
2016-04-17 00:17:43,323 INFO  [AS_OUT] Routing out file: HYD 8TH TECHNO edited.pdf
2016-04-17 00:17:43,323 DEBUG [IntegrationServerFTPComponent] send HYD 8TH TECHNO edited.pdf
2016-04-17 00:17:44,328 INFO  [AS_OUT] Routing out file: HYD 9TH TECHNO edited.pdf
2016-04-17 00:17:44,328 DEBUG [IntegrationServerFTPComponent] send HYD 9TH TECHNO edited.pdf
